This is pdfTeX, Version 3.14159-1.10b (Web2C 7.4.5) (format=pdflatex 2008.8.14)  18 AUG 2009 19:00
**samesign
(./samesign.tex{/usr/share/texmf/pdftex/config/pdftex.cfg}
LaTeX2e <2001/06/01>
Babel <v3.7h> and hyphenation patterns for american, french, german, ngerman, n
ohyphenation, loaded.
(./cmspaper.cls
CMS paper style Version <0.4>, <25 Nov. 1996>
based on Document Style 'CERNART' Version <2.1>, <1 May 1995>
Document Class: cmspaper 1996/11/25
(/usr/share/texmf/tex/latex/base/article.cls
Document Class: article 2001/04/21 v1.4e Standard LaTeX document class
(/usr/share/texmf/tex/latex/base/size10.clo
File: size10.clo 2001/04/21 v1.4e Standard LaTeX file (size option)
)
\c@part=\count79
\c@section=\count80
\c@subsection=\count81
\c@subsubsection=\count82
\c@paragraph=\count83
\c@subparagraph=\count84
\c@figure=\count85
\c@table=\count86
\abovecaptionskip=\skip41
\belowcaptionskip=\skip42
\bibindent=\dimen102
)
\c@instfoot=\count87

(/usr/share/texmf/tex/latex/graphics/graphics.sty
Package: graphics 2001/07/07 v1.0n Standard LaTeX Graphics (DPC,SPQR)

(/usr/share/texmf/tex/latex/graphics/trig.sty
Package: trig 1999/03/16 v1.09 sin cos tan (DPC)
)
(/usr/share/texmf/tex/latex/config/graphics.cfg
File: graphics.cfg 2001/08/31 v1.1 graphics configuration of teTeX/TeXLive
)
Package graphics Info: Driver file: pdftex.def on input line 80.

(/usr/share/texmf/tex/latex/graphics/pdftex.def
File: pdftex.def 2002/06/19 v0.03k graphics/color for pdftex
\Gread@gobject=\count88
)))
(/usr/share/texmf/tex/latex/graphics/graphicx.sty
Package: graphicx 1999/02/16 v1.0f Enhanced LaTeX Graphics (DPC,SPQR)

(/usr/share/texmf/tex/latex/graphics/keyval.sty
Package: keyval 1999/03/16 v1.13 key=value parser (DPC)
\KV@toks@=\toks14
)
\Gin@req@height=\dimen103
\Gin@req@width=\dimen104
)
(/usr/share/texmf/tex/plain/dvips/rotate.tex
\rotdimen=\dimen105
)
(/usr/share/texmf/tex/latex/misc/relsize.sty
Package: relsize 1999/11/01 ver 2.0b
) (./samesign.aux)
\openout1 = `samesign.aux'.

LaTeX Font Info:    Checking defaults for OML/cmm/m/it on input line 10.
LaTeX Font Info:    ... okay on input line 10.
LaTeX Font Info:    Checking defaults for T1/cmr/m/n on input line 10.
LaTeX Font Info:    ... okay on input line 10.
LaTeX Font Info:    Checking defaults for OT1/cmr/m/n on input line 10.
LaTeX Font Info:    ... okay on input line 10.
LaTeX Font Info:    Checking defaults for OMS/cmsy/m/n on input line 10.
LaTeX Font Info:    ... okay on input line 10.
LaTeX Font Info:    Checking defaults for OMX/cmex/m/n on input line 10.
LaTeX Font Info:    ... okay on input line 10.
LaTeX Font Info:    Checking defaults for U/cmr/m/n on input line 10.
LaTeX Font Info:    ... okay on input line 10.
LaTeX Font Info:    Try loading font information for OT1+ptm on input line 10.

(/usr/share/texmf/tex/latex/psnfss/ot1ptm.fd
File: ot1ptm.fd 2001/06/04 font definitions for OT1/ptm.
)
(/usr/share/texmf/tex/context/base/supp-pdf.tex
(/usr/share/texmf/tex/context/base/supp-mis.tex
loading : Context Support Macros / Missing
\protectiondepth=\count89
\scratchcounter=\count90
\scratchtoks=\toks15
\scratchdimen=\dimen106
\scratchskip=\skip43
\scratchmuskip=\muskip10
\scratchbox=\box26
\scratchread=\read1
\scratchwrite=\write3
\zeropoint=\dimen107
\minusone=\count91
\thousandpoint=\dimen108
\emptytoks=\toks16
\nextbox=\box27
\nextdepth=\dimen109
\everyline=\toks17
\!!counta=\count92
\!!countb=\count93
\recursecounter=\count94
)
loading : Context Support Macros / PDF
\nofMPsegments=\count95
\nofMParguments=\count96
\everyMPtoPDFconversion=\toks18
)
LaTeX Font Info:    Try loading font information for OT1+phv on input line 16.
 (/usr/share/texmf/tex/latex/psnfss/ot1phv.fd
File: ot1phv.fd 2001/06/04 scalable font definitions for OT1/phv.
)
LaTeX Font Info:    External font `cmex10' loaded for size
(Font)              <20.74> on input line 16.
LaTeX Font Info:    External font `cmex10' loaded for size
(Font)              <14.4> on input line 16.
LaTeX Font Info:    External font `cmex10' loaded for size
(Font)              <12> on input line 16.
LaTeX Font Info:    Font shape `OT1/ptm/bx/n' in size <10> not available
(Font)              Font shape `OT1/ptm/b/n' tried instead on input line 27.
LaTeX Font Info:    External font `cmex10' loaded for size
(Font)              <7> on input line 29.
LaTeX Font Info:    External font `cmex10' loaded for size
(Font)              <5> on input line 29.
 [1


{/usr/share/texmf/dvips/config/pdftex.map}] (./intro.tex
LaTeX Font Info:    Font shape `OT1/ptm/bx/n' in size <14.4> not available
(Font)              Font shape `OT1/ptm/b/n' tried instead on input line 1.
) (./samples.tex
LaTeX Font Info:    Try loading font information for OT1+pcr on input line 12.

(/usr/share/texmf/tex/latex/psnfss/ot1pcr.fd
File: ot1pcr.fd 2001/06/04 font definitions for OT1/pcr.
)) (./selections.tex
LaTeX Font Info:    Try loading font information for OMS+ptm on input line 10.

(/usr/share/texmf/tex/latex/psnfss/omsptm.fd
File: omsptm.fd 
)
LaTeX Font Info:    Font shape `OMS/ptm/m/n' in size <10> not available
(Font)              Font shape `OMS/cmsy/m/n' tried instead on input line 10.
 [1]
LaTeX Font Info:    Font shape `OT1/ptm/bx/n' in size <12> not available
(Font)              Font shape `OT1/ptm/b/n' tried instead on input line 22.

<figs/ChargeMisIdRateEta.png, id=42, 698.61pt x 473.77pt>
File: figs/ChargeMisIdRateEta.png Graphic file (type png)

<use figs/ChargeMisIdRateEta.png>
<figs/ChargeMisIdRatePt.png, id=43, 698.61pt x 473.77pt>
File: figs/ChargeMisIdRatePt.png Graphic file (type png)

<use figs/ChargeMisIdRatePt.png>) (./yields.tex [2]) (./bkgtypes.tex [3 <./figs
/ChargeMisIdRateEta.png> <./figs/ChargeMisIdRatePt.png>]
<figs/feyntypeI.png, id=50, 997.7275pt x 404.51125pt>
File: figs/feyntypeI.png Graphic file (type png)
 <use figs/feyntypeI.png>
<figs/feyntypeIIa.png, id=51, 1012.78375pt x 484.81125pt>
File: figs/feyntypeIIa.png Graphic file (type png)

<use figs/feyntypeIIa.png>
<figs/feyntypeIIb.png, id=52, 1006.76125pt x 390.45876pt>
File: figs/feyntypeIIb.png Graphic file (type png)

<use figs/feyntypeIIb.png> [4 <./figs/feyntypeI.png> <./figs/feyntypeIIa.png> <
./figs/feyntypeIIb.png>]) (./chargeMisId.tex
<figs/fr_rate.pdf, id=56, 796.9775pt x 597.23125pt>
File: figs/fr_rate.pdf Graphic file (type pdf)
 <use figs/fr_rate.pdf>
[5] [6 <./figs/fr_rate.pdf
Warning: pdflatex (file ./figs/fr_rate.pdf): pdf inclusion: Page Group detected
 which pdfTeX can't handle. Ignoring it.
>]) (./leptonfake.tex [7]) (./application.tex [8]
LaTeX Font Info:    External font `cmex10' loaded for size
(Font)              <9> on input line 33.
LaTeX Font Info:    External font `cmex10' loaded for size
(Font)              <6> on input line 33.
 [9]) (./conclusion.tex)
[10

] (./bib.tex
Overfull \hbox (66.91583pt too wide) in paragraph at lines 13--14
[]/pcrr7t/http://indico.cern.ch/materialDisplay.py?contribId=3&materialId=slide
s&confId=58309/ptmr7t/. 
 []


Overfull \hbox (66.91583pt too wide) in paragraph at lines 21--22
[]/pcrr7t/http://indico.cern.ch/materialDisplay.py?contribId=3&materialId=slide
s&confId=64436/ptmr7t/. 
 []

) [11

] (./samesign.aux) ) 
Here is how much of TeX's memory you used:
 1260 strings out of 95437
 15530 string characters out of 1190233
 69715 words of memory out of 1000001
 4236 multiletter control sequences out of 10000+50000
 23415 words of font info for 50 fonts, out of 500000 for 1000
 14 hyphenation exceptions out of 1000
 29i,10n,19p,420b,404s stack positions out of 1500i,500n,5000p,200000b,5000s
 97 PDF objects out of 300000
 0 named destinations out of 131072
 30 words of extra memory for PDF output out of 65536
{/usr/share/texmf/dvips/psnfss/8r.enc}{/usr/share/texmf/dvi
ps/tetex/f7b6d320.enc}</usr/share/texmf/fonts/type1/bluesky/cm/cmr7.pfb>{/usr/s
hare/texmf/dvips/tetex/bbad153f.enc}</usr/share/texmf/fonts/type1/bluesky/cm/cm
sy7.pfb></usr/share/texmf/fonts/type1/bluesky/cm/cmr10.pfb>{/usr/share/texmf/dv
ips/tetex/aae443f0.enc}</usr/share/texmf/fonts/type1/bluesky/cm/cmmi7.pfb></usr
/share/texmf/fonts/type1/bluesky/cm/cmmi10.pfb></usr/share/texmf/fonts/type1/bl
uesky/cm/cmr17.pfb></usr/share/texmf/fonts/type1/bluesky/cm/cmmi12.pfb></usr/sh
are/texmf/fonts/type1/bluesky/cm/cmsy10.pfb>
Output written on samesign.pdf (12 pages, 238195 bytes).
